{"total": {"lines":{"total":658,"covered":226,"skipped":0,"pct":34.34},"statements":{"total":658,"covered":226,"skipped":0,"pct":34.34},"functions":{"total":28,"covered":11,"skipped":0,"pct":39.28},"branches":{"total":60,"covered":32,"skipped":0,"pct":53.33},"branchesTrue":{"total":0,"covered":0,"skipped":0,"pct":"Unknown"}}
,"/Users/aarushluthra/Documents/Government-Scheme-1/frontend/src/components/AdminPanel.jsx": {"lines":{"total":41,"covered":0,"skipped":0,"pct":0},"functions":{"total":1,"covered":0,"skipped":0,"pct":0},"statements":{"total":41,"covered":0,"skipped":0,"pct":0},"branches":{"total":1,"covered":0,"skipped":0,"pct":0}}
,"/Users/aarushluthra/Documents/Government-Scheme-1/frontend/src/components/ChatUI.jsx": {"lines":{"total":73,"covered":12,"skipped":0,"pct":16.43},"functions":{"total":2,"covered":1,"skipped":0,"pct":50},"statements":{"total":73,"covered":12,"skipped":0,"pct":16.43},"branches":{"total":2,"covered":1,"skipped":0,"pct":50}}
,"/Users/aarushluthra/Documents/Government-Scheme-1/frontend/src/components/Checklist.jsx": {"lines":{"total":132,"covered":0,"skipped":0,"pct":0},"functions":{"total":1,"covered":0,"skipped":0,"pct":0},"statements":{"total":132,"covered":0,"skipped":0,"pct":0},"branches":{"total":1,"covered":0,"skipped":0,"pct":0}}
,"/Users/aarushluthra/Documents/Government-Scheme-1/frontend/src/components/CompareModal.jsx": {"lines":{"total":125,"covered":107,"skipped":0,"pct":85.6},"functions":{"total":10,"covered":4,"skipped":0,"pct":40},"statements":{"total":125,"covered":107,"skipped":0,"pct":85.6},"branches":{"total":27,"covered":16,"skipped":0,"pct":59.25}}
,"/Users/aarushluthra/Documents/Government-Scheme-1/frontend/src/components/Dashboard.jsx": {"lines":{"total":87,"covered":0,"skipped":0,"pct":0},"functions":{"total":1,"covered":0,"skipped":0,"pct":0},"statements":{"total":87,"covered":0,"skipped":0,"pct":0},"branches":{"total":1,"covered":0,"skipped":0,"pct":0}}
,"/Users/aarushluthra/Documents/Government-Scheme-1/frontend/src/components/LoginPage.jsx": {"lines":{"total":38,"covered":0,"skipped":0,"pct":0},"functions":{"total":1,"covered":0,"skipped":0,"pct":0},"statements":{"total":38,"covered":0,"skipped":0,"pct":0},"branches":{"total":1,"covered":0,"skipped":0,"pct":0}}
,"/Users/aarushluthra/Documents/Government-Scheme-1/frontend/src/components/NavBar.jsx": {"lines":{"total":26,"covered":0,"skipped":0,"pct":0},"functions":{"total":1,"covered":0,"skipped":0,"pct":0},"statements":{"total":26,"covered":0,"skipped":0,"pct":0},"branches":{"total":1,"covered":0,"skipped":0,"pct":0}}
,"/Users/aarushluthra/Documents/Government-Scheme-1/frontend/src/components/NotificationCenter.jsx": {"lines":{"total":10,"covered":0,"skipped":0,"pct":0},"functions":{"total":1,"covered":0,"skipped":0,"pct":0},"statements":{"total":10,"covered":0,"skipped":0,"pct":0},"branches":{"total":1,"covered":0,"skipped":0,"pct":0}}
,"/Users/aarushluthra/Documents/Government-Scheme-1/frontend/src/components/ProtectedRoute.jsx": {"lines":{"total":11,"covered":0,"skipped":0,"pct":0},"functions":{"total":1,"covered":0,"skipped":0,"pct":0},"statements":{"total":11,"covered":0,"skipped":0,"pct":0},"branches":{"total":1,"covered":0,"skipped":0,"pct":0}}
,"/Users/aarushluthra/Documents/Government-Scheme-1/frontend/src/components/SchemeCard.jsx": {"lines":{"total":19,"covered":19,"skipped":0,"pct":100},"functions":{"total":3,"covered":1,"skipped":0,"pct":33.33},"statements":{"total":19,"covered":19,"skipped":0,"pct":100},"branches":{"total":4,"covered":1,"skipped":0,"pct":25}}
,"/Users/aarushluthra/Documents/Government-Scheme-1/frontend/src/components/SchemeSearch.jsx": {"lines":{"total":96,"covered":88,"skipped":0,"pct":91.66},"functions":{"total":6,"covered":5,"skipped":0,"pct":83.33},"statements":{"total":96,"covered":88,"skipped":0,"pct":91.66},"branches":{"total":20,"covered":14,"skipped":0,"pct":70}}
}
